[0.00001] [Error] Server configuration doesn't meet the requirements. Please contact your server administrator or hosting provider to address the issues described below
[0.00001] [Error] MySQL database name can contain only Latin characters, numbers, and underscores
[0.00004] [Notice] Creating database scheme
[15.56744] [Notice] Redirecting. Do not refresh the page!
[0.00003] [Notice] Importing data
[1.08392] [Notice] Redirecting. Do not refresh the page!
[0.00002] [Notice] Importing data
[0.95899] [Notice] Redirecting. Do not refresh the page!
[0.00002] [Notice] Importing data
[0.47496] [Notice] Redirecting. Do not refresh the page!
[0.00004] [Notice] Importing data
[0.37537] [Notice] Redirecting. Do not refresh the page!
[0.00002] [Notice] Importing data
[0.46338] [Notice] Redirecting. Do not refresh the page!
[0.00002] [Notice] Importing data
[0.71596] [Notice] Redirecting. Do not refresh the page!
[0.00003] [Notice] Importing data
[0.83530] [Notice] Redirecting. Do not refresh the page!
[0.00002] [Notice] Importing data
[0.84632] [Notice] Redirecting. Do not refresh the page!
[0.00003] [Notice] Importing data
[0.66996] [Notice] Redirecting. Do not refresh the page!
[0.00004] [Notice] Importing data
[1.00118] [Notice] Redirecting. Do not refresh the page!
[0.00003] [Notice] Importing data
[1.10492] [Notice] Redirecting. Do not refresh the page!
[0.00003] [Notice] Importing data
[0.94939] [Notice] Redirecting. Do not refresh the page!
[0.00004] [Notice] Importing data
[0.15234] [Notice] Redirecting. Do not refresh the page!
[0.00212] [Notice] Redirecting. Do not refresh the page!
[0.00003] [Notice] Redirecting. Do not refresh the page!
[0.00003] [Notice] Redirecting. Do not refresh the page!
[0.00002] [Notice] Redirecting. Do not refresh the page!
[0.00002] [Notice] Redirecting. Do not refresh the page!
[0.00004] [Notice] Redirecting. Do not refresh the page!
[0.00002] [Notice] Redirecting. Do not refresh the page!
[0.00003] [Notice] Redirecting. Do not refresh the page!
[0.00002] [Notice] Redirecting. Do not refresh the page!
[0.00002] [Notice] Redirecting. Do not refresh the page!
[0.00003] [Notice] Redirecting. Do not refresh the page!
[0.00003] [Notice] Redirecting. Do not refresh the page!
[0.00003] [Notice] Redirecting. Do not refresh the page!
[0.00003] [Notice] Redirecting. Do not refresh the page!
[0.00003] [Notice] Redirecting. Do not refresh the page!
[0.00002] [Notice] Redirecting. Do not refresh the page!
[0.00004] [Notice] Redirecting. Do not refresh the page!
[0.00003] [Notice] Redirecting. Do not refresh the page!
[0.00004] [Notice] Redirecting. Do not refresh the page!
[0.00003] [Notice] Redirecting. Do not refresh the page!
[0.00003] [Notice] Redirecting. Do not refresh the page!
[0.00003] [Notice] Redirecting. Do not refresh the page!
[0.00003] [Notice] Redirecting. Do not refresh the page!
[0.00002] [Notice] Redirecting. Do not refresh the page!
[0.01471] [Notice] Redirecting. Do not refresh the page!
[0.00002] [Notice] Redirecting. Do not refresh the page!
[0.00004] [Notice] Redirecting. Do not refresh the page!
[0.00002] [Notice] Redirecting. Do not refresh the page!
[0.00002] [Notice] Redirecting. Do not refresh the page!
[0.00003] [Notice] Redirecting. Do not refresh the page!
[0.00004] [Notice] Redirecting. Do not refresh the page!
[0.00002] [Notice] Redirecting. Do not refresh the page!
[0.00002] [Notice] Redirecting. Do not refresh the page!
[0.00002] [Notice] Redirecting. Do not refresh the page!
[0.00003] [Notice] Redirecting. Do not refresh the page!
[0.00002] [Notice] Redirecting. Do not refresh the page!
[0.00002] [Notice] Redirecting. Do not refresh the page!
[0.00001] [Notice] Creating demo
[8.31131] [Notice] Redirecting. Do not refresh the page!
[0.00001] [Notice] Creating demo
[0.35545] [Notice] Redirecting. Do not refresh the page!
[0.00002] [Notice] Creating demo
[3.47524] [Notice] Redirecting. Do not refresh the page!
[0.00002] [Notice] Creating demo
[1.99417] [Notice] Redirecting. Do not refresh the page!
[0.00002] [Notice] Creating demo
[3.81625] [Notice] Redirecting. Do not refresh the page!
[0.00001] [Notice] Creating demo
[1.79654] [Notice] Redirecting. Do not refresh the page!
[0.00002] [Notice] Creating demo
[2.65585] [Notice] Redirecting. Do not refresh the page!
[0.00002] [Notice] Creating demo
[0.45872] [Notice] Redirecting. Do not refresh the page!
[0.00002] [Notice] Creating demo
[4.09955] [Notice] Redirecting. Do not refresh the page!
[0.00002] [Notice] Creating demo
[2.39647] [Notice] Redirecting. Do not refresh the page!
[0.00002] [Notice] Creating demo
[3.95373] [Notice] Redirecting. Do not refresh the page!
[0.00002] [Notice] Creating demo
[0.73807] [Notice] Redirecting. Do not refresh the page!
[0.00002] [Notice] Creating demo
[1.67737] [Notice] Redirecting. Do not refresh the page!
[0.00002] [Notice] Creating demo
[0.18775] [Notice] Redirecting. Do not refresh the page!
[0.00002] [Notice] Creating demo
[4.03991] [Notice] Redirecting. Do not refresh the page!
[0.00003] [Notice] Creating demo
[2.13824] [Notice] Redirecting. Do not refresh the page!
[0.00002] [Notice] Creating demo
[3.95644] [Notice] Redirecting. Do not refresh the page!
[0.00002] [Notice] Creating demo
[1.58535] [Notice] Redirecting. Do not refresh the page!
[0.00002] [Notice] Creating demo
[2.35197] [Notice] Redirecting. Do not refresh the page!
[0.00002] [Notice] Creating demo
[0.17839] [Notice] Redirecting. Do not refresh the page!
[0.00005] [Notice] Creating demo
[4.28721] [Notice] Redirecting. Do not refresh the page!
[0.00002] [Notice] Creating demo
[2.66850] [Notice] Redirecting. Do not refresh the page!
[0.00002] [Notice] Creating demo
[3.33566] [Notice] Redirecting. Do not refresh the page!
[0.00002] [Notice] Creating demo
[1.09772] [Notice] Redirecting. Do not refresh the page!
[0.00002] [Notice] Creating demo
[2.57696] [Notice] Redirecting. Do not refresh the page!
[0.00002] [Notice] Creating demo
[0.34361] [Notice] Redirecting. Do not refresh the page!
[0.00002] [Notice] Creating demo
[3.64897] [Notice] Redirecting. Do not refresh the page!
[0.00002] [Notice] Creating demo
[2.43805] [Notice] Redirecting. Do not refresh the page!
[0.00002] [Notice] Creating demo
[4.06259] [Notice] Redirecting. Do not refresh the page!
[0.00002] [Notice] Creating demo
[1.06930] [Notice] Redirecting. Do not refresh the page!
[0.00002] [Notice] Creating demo
[2.54638] [Notice] Redirecting. Do not refresh the page!
[0.00002] [Notice] Creating demo
[0.29536] [Notice] Redirecting. Do not refresh the page!
[0.00002] [Notice] Creating demo
[3.79315] [Notice] Redirecting. Do not refresh the page!
[0.00003] [Notice] Creating demo
[2.44785] [Notice] Redirecting. Do not refresh the page!
[0.00002] [Notice] Creating demo
[3.35683] [Notice] Redirecting. Do not refresh the page!
[0.00002] [Notice] Creating demo
[1.50640] [Notice] Redirecting. Do not refresh the page!
[0.00002] [Notice] Creating demo
[2.28302] [Notice] Redirecting. Do not refresh the page!
[0.00003] [Notice] Creating demo
[0.33994] [Notice] Redirecting. Do not refresh the page!
[0.00003] [Notice] Creating demo
[3.97339] [Notice] Redirecting. Do not refresh the page!
[0.00002] [Notice] Creating demo
[2.81113] [Notice] Redirecting. Do not refresh the page!
[0.00003] [Notice] Creating demo
[4.08028] [Notice] Redirecting. Do not refresh the page!
[0.00002] [Notice] Creating demo
[1.56911] [Notice] Redirecting. Do not refresh the page!
[0.00002] [Notice] Creating demo
[2.71652] [Notice] Redirecting. Do not refresh the page!
[0.00002] [Notice] Creating demo
[0.40169] [Notice] Redirecting. Do not refresh the page!
[0.00002] [Notice] Creating demo
[4.23495] [Notice] Redirecting. Do not refresh the page!
[0.00002] [Notice] Creating demo
[2.83455] [Notice] Redirecting. Do not refresh the page!
[0.00002] [Notice] Creating demo
[4.23755] [Notice] Redirecting. Do not refresh the page!
[0.00001] [Notice] Creating demo
[1.60332] [Notice] Redirecting. Do not refresh the page!
[0.00002] [Notice] Creating demo
[2.71411] [Notice] Redirecting. Do not refresh the page!
[0.00003] [Notice] Creating demo
[0.23745] [Notice] Redirecting. Do not refresh the page!
[0.00002] [Notice] Creating demo
[3.77646] [Notice] Redirecting. Do not refresh the page!
[0.00003] [Notice] Redirecting. Do not refresh the page!
[0.00003] [Notice] Redirecting. Do not refresh the page!
[0.00003] [Notice] Redirecting. Do not refresh the page!
[0.00003] [Notice] Redirecting. Do not refresh the page!
[0.00003] [Notice] Redirecting. Do not refresh the page!
[0.00005] [Notice] Redirecting. Do not refresh the page!
[0.00002] [Notice] Redirecting. Do not refresh the page!
[0.00003] [Notice] Redirecting. Do not refresh the page!
[0.00003] [Notice] Redirecting. Do not refresh the page!
[0.00002] [Notice] Installing additional language en
[4.22314] [Notice] Installing additional language en
[4.51021] [Notice] Redirecting. Do not refresh the page!
[0.00003] [Notice] Installing additional language en
[0.43180] [Notice] Redirecting. Do not refresh the page!
[0.00002] [Notice] Installing additional language en
[0.36374] [Notice] Redirecting. Do not refresh the page!
[0.00002] [Notice] Installing additional language en
[0.01839] [Notice] Redirecting. Do not refresh the page!
[0.00002] [Notice] Installing additional language en
[0.09827] [Notice] Redirecting. Do not refresh the page!
[0.00002] [Notice] Installing additional language en
[0.06437] [Notice] Redirecting. Do not refresh the page!
[0.00001] [Notice] Installing additional language en
[0.07845] [Notice] Redirecting. Do not refresh the page!
[0.00002] [Notice] Installing additional language en
[2.38017] [Notice] Redirecting. Do not refresh the page!
[0.00002] [Notice] Installing additional language en
[4.88689] [Notice] Redirecting. Do not refresh the page!
[0.00002] [Notice] Installing additional language en
[0.08016] [Notice] Redirecting. Do not refresh the page!
[0.00002] [Notice] Installing additional language en
[0.05085] [Notice] Redirecting. Do not refresh the page!
[0.00002] [Notice] Installing additional language en
[0.03632] [Notice] Redirecting. Do not refresh the page!
[0.00001] [Notice] Installing additional language en
[0.22532] [Notice] Redirecting. Do not refresh the page!
[0.00002] [Notice] Installing additional language en
[4.28202] [Notice] Redirecting. Do not refresh the page!
[0.00001] [Notice] Installing additional language en
[3.05823] [Notice] Redirecting. Do not refresh the page!
[0.00002] [Notice] Installing additional language en
[0.32563] [Notice] Redirecting. Do not refresh the page!
[0.00002] [Notice] Installing additional language en
[1.80437] [Notice] Redirecting. Do not refresh the page!
[0.00002] [Notice] Installing additional language en
[2.33068] [Notice] Redirecting. Do not refresh the page!
[0.00002] [Notice] Installing additional language en
[2.23346] [Notice] Redirecting. Do not refresh the page!
[0.00002] [Notice] Installing additional language en
[1.85360] [Notice] Redirecting. Do not refresh the page!
[0.00002] [Notice] Installing additional language en
[1.02442] [Notice] Redirecting. Do not refresh the page!
[0.00002] [Notice] Installing additional language en
[0.34140] [Notice] Redirecting. Do not refresh the page!
[0.00002] [Notice] Installing additional language en
[3.93750] [Notice] Redirecting. Do not refresh the page!
[0.00002] [Notice] Installing additional language en
[3.71495] [Notice] Redirecting. Do not refresh the page!
[0.00002] [Notice] Installing additional language en
[3.82313] [Notice] Redirecting. Do not refresh the page!
[0.00001] [Notice] Installing additional language en
[2.12213] [Notice] Redirecting. Do not refresh the page!
[0.00002] [Notice] Installing additional language en
[0.40056] [Notice] Redirecting. Do not refresh the page!
[0.00002] [Notice] Installing additional language en
[0.53050] [Notice] Redirecting. Do not refresh the page!
[0.00003] [Notice] Installing additional language en
[0.51790] [Notice] Redirecting. Do not refresh the page!
[0.00002] [Notice] Installing additional language en
[0.53437] [Notice] Redirecting. Do not refresh the page!
[0.00001] [Notice] Installing additional language en
[0.39712] [Notice] Redirecting. Do not refresh the page!
[0.00002] [Notice] Installing additional language en
[0.51126] [Notice] Redirecting. Do not refresh the page!
[0.00004] [Notice] Installing additional language en
[0.52437] [Notice] Redirecting. Do not refresh the page!
[0.00002] [Notice] Installing additional language en
[0.53480] [Notice] Redirecting. Do not refresh the page!
[0.00002] [Notice] Installing additional language en
[0.68633] [Notice] Redirecting. Do not refresh the page!
[0.00002] [Notice] Installing additional language en
[4.50686] [Notice] Redirecting. Do not refresh the page!
[0.00002] [Notice] Installing additional language en
[4.66172] [Notice] Redirecting. Do not refresh the page!
[0.00002] [Notice] Installing additional language en
[1.86648] [Notice] Redirecting. Do not refresh the page!
[0.00001] [Notice] Installing additional language en
[6.46375] [Notice] Redirecting. Do not refresh the page!
[0.00002] [Notice] Installing additional language en
[1.00293] [Notice] Redirecting. Do not refresh the page!
[0.00001] [Notice] Installing additional language en
[3.61714] [Notice] Redirecting. Do not refresh the page!
[0.00002] [Notice] Installing additional language en
[4.49676] [Notice] Redirecting. Do not refresh the page!
[0.00002] [Notice] Installing additional language en
[3.98049] [Notice] Redirecting. Do not refresh the page!
[0.00002] [Notice] Installing additional language en
[1.92822] [Notice] Redirecting. Do not refresh the page!
[0.00002] [Notice] Installing additional language en
[1.77820] [Notice] Redirecting. Do not refresh the page!
[0.00002] [Notice] Installing additional language en
[0.41382] [Notice] Redirecting. Do not refresh the page!
[0.00002] [Notice] Installing additional language en
[2.22800] [Notice] Redirecting. Do not refresh the page!
[0.00002] [Notice] Installing additional language en
[3.39356] [Notice] Redirecting. Do not refresh the page!
[0.00002] [Notice] Installing additional language en
[2.81460] [Notice] Redirecting. Do not refresh the page!
[0.00002] [Notice] Installing additional language en
[1.33947] [Notice] Redirecting. Do not refresh the page!
[0.00002] [Notice] Installing additional language en
[2.24978] [Notice] Redirecting. Do not refresh the page!
[0.00002] [Notice] Installing additional language en
[0.70752] [Notice] Redirecting. Do not refresh the page!
[0.00003] [Notice] Installing additional language en
[0.56411] [Notice] Redirecting. Do not refresh the page!
[0.00002] [Notice] Installing additional language en
[0.53521] [Notice] Redirecting. Do not refresh the page!
[0.00003] [Notice] Installing additional language en
[0.53752] [Notice] Redirecting. Do not refresh the page!
[0.00002] [Notice] Installing additional language en
[0.54332] [Notice] Redirecting. Do not refresh the page!
[0.00002] [Notice] Installing additional language en
[0.53783] [Notice] Redirecting. Do not refresh the page!
[0.00003] [Notice] Installing additional language en
[0.53906] [Notice] Redirecting. Do not refresh the page!
[0.00002] [Notice] Installing additional language en
[0.53352] [Notice] Redirecting. Do not refresh the page!
[0.00002] [Notice] Installing additional language en
[0.54533] [Notice] Redirecting. Do not refresh the page!
[0.00002] [Notice] Installing additional language en
[0.40146] [Notice] Redirecting. Do not refresh the page!
[0.00002] [Notice] Installing additional language en
[0.53841] [Notice] Redirecting. Do not refresh the page!
[0.00002] [Notice] Installing additional language en
[0.53913] [Notice] Redirecting. Do not refresh the page!
[0.00002] [Notice] Installing additional language en
[0.56787] [Notice] Redirecting. Do not refresh the page!
[0.00002] [Notice] Installing additional language en
[0.55943] [Notice] Redirecting. Do not refresh the page!
[0.00002] [Notice] Installing additional language en
[0.83335] [Notice] Redirecting. Do not refresh the page!
[0.00002] [Notice] Installing additional language en
[1.16262] [Notice] Redirecting. Do not refresh the page!
[0.00002] [Notice] Installing additional language en
[1.22331] [Notice] Redirecting. Do not refresh the page!
[0.00002] [Notice] Installing additional language en
[3.23346] [Notice] Redirecting. Do not refresh the page!
[0.00002] [Notice] Installing additional language en
[0.77892] [Notice] Redirecting. Do not refresh the page!
[0.00002] [Notice] Installing additional language en
[1.25047] [Notice] Redirecting. Do not refresh the page!
[0.00002] [Notice] Installing additional language en
[0.65409] [Notice] Redirecting. Do not refresh the page!
[0.00002] [Notice] Installing additional language en
[0.98987] [Notice] Redirecting. Do not refresh the page!
[0.00002] [Notice] Installing additional language en
[0.51256] [Notice] Redirecting. Do not refresh the page!
[0.00002] [Notice] Installing additional language en
[0.48804] [Notice] Redirecting. Do not refresh the page!
[0.00002] [Notice] Installing additional language en
[0.71738] [Notice] Redirecting. Do not refresh the page!
[0.00002] [Notice] Installing additional language en
[0.86163] [Notice] Redirecting. Do not refresh the page!
[0.00002] [Notice] Installing additional language en
[1.42781] [Notice] Redirecting. Do not refresh the page!
[0.00002] [Notice] Installing additional language en
[0.73481] [Notice] Redirecting. Do not refresh the page!
[0.00002] [Notice] Installing additional language en
[0.60540] [Notice] Redirecting. Do not refresh the page!
[0.00003] [Notice] Installing additional language en
[0.47384] [Notice] Redirecting. Do not refresh the page!
[0.00002] [Notice] Installing additional language en
[0.53386] [Notice] Redirecting. Do not refresh the page!
[0.00002] [Notice] Installing additional language en
[0.33566] [Notice] Redirecting. Do not refresh the page!
[0.00002] [Notice] Installing additional language en
[0.46478] [Notice] Redirecting. Do not refresh the page!
[0.00002] [Notice] Installing additional language en
[0.56682] [Notice] Redirecting. Do not refresh the page!
[0.00001] [Notice] Installing additional language en
[0.41263] [Notice] Redirecting. Do not refresh the page!
[0.00002] [Notice] Installing additional language en
[0.45543] [Notice] Redirecting. Do not refresh the page!
[0.00002] [Notice] Installing additional language en
[0.58320] [Notice] Redirecting. Do not refresh the page!
[0.00002] [Notice] Installing additional language en
[0.48337] [Notice] Redirecting. Do not refresh the page!
[0.00002] [Notice] Installing additional language en
[0.44543] [Notice] Redirecting. Do not refresh the page!
[0.00001] [Notice] Installing additional language en
[0.44769] [Notice] Redirecting. Do not refresh the page!
[0.00001] [Notice] Installing additional language en
[0.45375] [Notice] Redirecting. Do not refresh the page!
[0.00002] [Notice] Installing additional language en
[0.52460] [Notice] Redirecting. Do not refresh the page!
[0.00002] [Notice] Installing additional language en
[2.58562] [Notice] Redirecting. Do not refresh the page!
[0.00002] [Notice] Installing additional language en
[0.41924] [Notice] Redirecting. Do not refresh the page!
[0.00002] [Notice] Installing additional language en
[0.51744] [Notice] Redirecting. Do not refresh the page!
[0.00002] [Notice] Installing additional language en
[0.56008] [Notice] Redirecting. Do not refresh the page!
[0.00002] [Notice] Installing additional language en
[0.49005] [Notice] Redirecting. Do not refresh the page!
[0.00001] [Notice] Installing additional language en
[0.46521] [Notice] Redirecting. Do not refresh the page!
[0.00002] [Notice] Installing additional language en
[0.42455] [Notice] Redirecting. Do not refresh the page!
[0.00002] [Notice] Installing additional language en
[0.49062] [Notice] Redirecting. Do not refresh the page!
[0.00002] [Notice] Installing additional language en
[0.59168] [Notice] Redirecting. Do not refresh the page!
[0.00002] [Notice] Installing additional language en
[0.51734] [Notice] Redirecting. Do not refresh the page!
[0.00002] [Notice] Installing additional language en
[0.44950] [Notice] Redirecting. Do not refresh the page!
[0.00002] [Notice] Installing additional language en
[1.41152] [Notice] Redirecting. Do not refresh the page!
[0.00002] [Notice] Installing additional language en
[2.32503] [Notice] Redirecting. Do not refresh the page!
[0.00002] [Notice] Installing additional language en
[3.29051] [Notice] Redirecting. Do not refresh the page!
[0.00002] [Notice] Installing additional language en
[1.95326] [Notice] Redirecting. Do not refresh the page!
[0.00002] [Notice] Installing additional language en
[3.38811] [Notice] Redirecting. Do not refresh the page!
[0.00002] [Notice] Installing additional language en
[1.07788] [Notice] Redirecting. Do not refresh the page!
[0.00002] [Notice] Installing additional language en
[0.81551] [Notice] Redirecting. Do not refresh the page!
[0.00002] [Notice] Installing additional language en
[0.72566] [Notice] Redirecting. Do not refresh the page!
[0.00004] [Notice] Installing additional language en
[2.09164] [Notice] Redirecting. Do not refresh the page!
[0.00002] [Notice] Installing additional language en
[0.43885] [Notice] Redirecting. Do not refresh the page!
[0.00002] [Notice] Installing additional language en
[0.55460] [Notice] Redirecting. Do not refresh the page!
[0.00002] [Notice] Installing additional language en
[0.47324] [Notice] Redirecting. Do not refresh the page!
[0.00002] [Notice] Installing additional language en
[0.38982] [Notice] Redirecting. Do not refresh the page!
[0.00002] [Notice] Installing additional language en
[0.42174] [Notice] Redirecting. Do not refresh the page!
[0.00002] [Notice] Installing additional language en
[0.57254] [Notice] Redirecting. Do not refresh the page!
[0.00002] [Notice] Installing additional language en
[2.62244] [Notice] Redirecting. Do not refresh the page!
[0.00002] [Notice] Creating demo
